[2022-10-01 18:11:11,156] {taskinstance.py:1179} INFO - Dependencies all met for <TaskInstance: data_cleaning_dag.data_cleaning manual__2022-10-01T18:11:09.504243+00:00 [queued]>
[2022-10-01 18:11:11,171] {taskinstance.py:1179} INFO - Dependencies all met for <TaskInstance: data_cleaning_dag.data_cleaning manual__2022-10-01T18:11:09.504243+00:00 [queued]>
[2022-10-01 18:11:11,171] {taskinstance.py:1376} INFO - 
--------------------------------------------------------------------------------
[2022-10-01 18:11:11,172] {taskinstance.py:1377} INFO - Starting attempt 1 of 1
[2022-10-01 18:11:11,173] {taskinstance.py:1378} INFO - 
--------------------------------------------------------------------------------
[2022-10-01 18:11:11,196] {taskinstance.py:1397} INFO - Executing <Task(PythonOperator): data_cleaning> on 2022-10-01 18:11:09.504243+00:00
[2022-10-01 18:11:11,204] {standard_task_runner.py:52} INFO - Started process 1853 to run task
[2022-10-01 18:11:11,209] {standard_task_runner.py:79} INFO - Running: ['***', 'tasks', 'run', 'data_cleaning_dag', 'data_cleaning', 'manual__2022-10-01T18:11:09.504243+00:00', '--job-id', '8', '--raw', '--subdir', 'DAGS_FOLDER/data_cleaning_dag/data_cleaning.py', '--cfg-path', '/tmp/tmpkj10ph1o', '--error-file', '/tmp/tmpspduuv0x']
[2022-10-01 18:11:11,212] {standard_task_runner.py:80} INFO - Job 8: Subtask data_cleaning
[2022-10-01 18:11:11,336] {task_command.py:371} INFO - Running <TaskInstance: data_cleaning_dag.data_cleaning manual__2022-10-01T18:11:09.504243+00:00 [running]> on host 408deac6c455
[2022-10-01 18:11:11,438] {taskinstance.py:1591} INFO - Exporting the following env vars:
AIRFLOW_CTX_DAG_OWNER=***
AIRFLOW_CTX_DAG_ID=data_cleaning_dag
AIRFLOW_CTX_TASK_ID=data_cleaning
AIRFLOW_CTX_EXECUTION_DATE=2022-10-01T18:11:09.504243+00:00
AIRFLOW_CTX_TRY_NUMBER=1
AIRFLOW_CTX_DAG_RUN_ID=manual__2022-10-01T18:11:09.504243+00:00
[2022-10-01 18:11:12,018] {logging_mixin.py:115} INFO - <class 'pandas.core.frame.DataFrame'>
RangeIndex: 79330 entries, 0 to 79329
Data columns (total 31 columns):
 #   Column                       Non-Null Count  Dtype  
---  ------                       --------------  -----  
 0   IsCanceled                   79330 non-null  int64  
 1   LeadTime                     79330 non-null  int64  
 2   ArrivalDateYear              79330 non-null  int64  
 3   ArrivalDateMonth             79330 non-null  object 
 4   ArrivalDateWeekNumber        79330 non-null  int64  
 5   ArrivalDateDayOfMonth        79330 non-null  int64  
 6   StaysInWeekendNights         79330 non-null  int64  
 7   StaysInWeekNights            79330 non-null  int64  
 8   Adults                       79330 non-null  int64  
 9   Children                     79326 non-null  float64
 10  Babies                       79330 non-null  int64  
 11  Meal                         79330 non-null  object 
 12  Country                      79306 non-null  object 
 13  MarketSegment                79330 non-null  object 
 14  DistributionChannel          79330 non-null  object 
 15  IsRepeatedGuest              79330 non-null  int64  
 16  PreviousCancellations        79330 non-null  int64  
 17  PreviousBookingsNotCanceled  79330 non-null  int64  
 18  ReservedRoomType             79330 non-null  object 
 19  AssignedRoomType             79330 non-null  object 
 20  BookingChanges               79330 non-null  int64  
 21  DepositType                  79330 non-null  object 
 22  Agent                        79330 non-null  object 
 23  Company                      79330 non-null  object 
 24  DaysInWaitingList            79330 non-null  int64  
 25  CustomerType                 79330 non-null  object 
 26  ADR                          79330 non-null  float64
 27  RequiredCarParkingSpaces     79330 non-null  int64  
 28  TotalOfSpecialRequests       79330 non-null  int64  
 29  ReservationStatus            79330 non-null  object 
 30  ReservationStatusDate        79330 non-null  object 
dtypes: float64(2), int64(16), object(13)
memory usage: 18.8+ MB
[2022-10-01 18:11:12,377] {logging_mixin.py:115} INFO - <class 'pandas.core.frame.DataFrame'>
RangeIndex: 79330 entries, 0 to 79329
Data columns (total 31 columns):
 #   Column                       Non-Null Count  Dtype  
---  ------                       --------------  -----  
 0   IsCanceled                   79330 non-null  int64  
 1   LeadTime                     79330 non-null  int64  
 2   ArrivalDateYear              79330 non-null  int64  
 3   ArrivalDateMonth             79330 non-null  object 
 4   ArrivalDateWeekNumber        79330 non-null  int64  
 5   ArrivalDateDayOfMonth        79330 non-null  int64  
 6   StaysInWeekendNights         79330 non-null  int64  
 7   StaysInWeekNights            79330 non-null  int64  
 8   Adults                       79330 non-null  int64  
 9   Children                     79326 non-null  float64
 10  Babies                       79330 non-null  int64  
 11  Meal                         79330 non-null  object 
 12  Country                      79306 non-null  object 
 13  MarketSegment                79330 non-null  object 
 14  DistributionChannel          79330 non-null  object 
 15  IsRepeatedGuest              79330 non-null  int64  
 16  PreviousCancellations        79330 non-null  int64  
 17  PreviousBookingsNotCanceled  79330 non-null  int64  
 18  ReservedRoomType             79330 non-null  object 
 19  AssignedRoomType             79330 non-null  object 
 20  BookingChanges               79330 non-null  int64  
 21  DepositType                  79330 non-null  object 
 22  Agent                        79330 non-null  object 
 23  Company                      79330 non-null  object 
 24  DaysInWaitingList            79330 non-null  int64  
 25  CustomerType                 79330 non-null  object 
 26  ADR                          79330 non-null  float64
 27  RequiredCarParkingSpaces     79330 non-null  int64  
 28  TotalOfSpecialRequests       79330 non-null  int64  
 29  ReservationStatus            79330 non-null  object 
 30  ReservationStatusDate        79330 non-null  object 
dtypes: float64(2), int64(16), object(13)
memory usage: 18.8+ MB
[2022-10-01 18:11:18,628] {python.py:173} INFO - Done. Returned value was: None
[2022-10-01 18:11:18,665] {taskinstance.py:1420} INFO - Marking task as SUCCESS. dag_id=data_cleaning_dag, task_id=data_cleaning, execution_date=20221001T181109, start_date=20221001T181111, end_date=20221001T181118
[2022-10-01 18:11:18,755] {local_task_job.py:156} INFO - Task exited with return code 0
[2022-10-01 18:11:18,813] {local_task_job.py:273} INFO - 0 downstream tasks scheduled from follow-on schedule check
